Sending message with

  Call type:   update
  Sender:      p4xu5-kv3gb-haipp-fai4p-cyhzx-3sqyw-2kob6-pvjqv-jkhma-dntyd-aae
  Canister id: ryjl3-tyaaa-aaaaa-aaaba-cai
  Method name: transfer
  Arguments:   (
  record {
    to = blob "\08\46\85\73\8f\b5\02\87\6f\86\ce\f4\78\8d\82\3d\0a\e3\e3\90\84\01\58\81\67\17\7c\f1\0b\c5\59\9e";
    fee = record { e8s = 10_000 : nat64 };
    memo = 109_330_329_069_923 : nat64;
    from_subaccount = null;
    created_at_time = opt record {
      timestamp_nanos = 1_739_541_922_535_590_931 : nat64;
    };
    amount = record { e8s = 10_000_000_000 : nat64 };
  },
)
Request ID: 0xd5fd08dd7dfa443c1ca358ea5d1b8d678aa750dc3f901f6e58adcdae578133c3
The request is being processed...
The request is being processed...
Transfer sent at block index 16
Sending message with

  Call type:   update
  Sender:      2vxsx-fae
  Canister id: rrkah-fqaaa-aaaaa-aaaaq-cai
  Method name: manage_neuron
  Arguments:   (
  record {
    id = null;
    command = opt variant {
      ClaimOrRefresh = record {
        by = opt variant {
          MemoAndController = record {
            controller = opt principal "p4xu5-kv3gb-haipp-fai4p-cyhzx-3sqyw-2kob6-pvjqv-jkhma-dntyd-aae";
            memo = 109_330_329_069_923 : nat64;
          }
        };
      }
    };
    neuron_id_or_subaccount = null;
  },
)
Request ID: 0x3c8eaa31ed600ce9b4a90b78c2f18c8472ae25ac2dc99a83df78d618adfed3fb
The request is being processed...
The request is being processed...
The request is being processed...
Successfully staked ICP in neuron 14871169423152378487
